<?xml version="1.0" encoding="UTF-8"?>
<!-- You may freely edit this file. See commented blocks below for -->
<!-- some examples of how to customize the build. -->
<!-- (If you delete it and reopen the project it will be recreated.) -->
<project name="DMDirc" default="default" basedir=".">
    <description>Builds, tests, and runs the project DMDirc.</description>
    <import file="nbproject/build-impl.xml"/>
    <property file="nbproject/project.properties"/>
    <property name="test.reports" value="./junitreports" />
   <target name="test-html" depends="compile-test,test" />
   <target name="-post-test-run">
<!--   <target name="test-html" depends="compile-test,test"> -->
      <junitreport todir="${test.reports}">
        <fileset dir="${build.test.results.dir}">
          <include name="TEST-*.xml" />
        </fileset>
        <report todir="${test.reports}" />
      </junitreport>
      <fail if="tests.failed">Some tests failed; see details above.</fail>
    </target>
</project>
